<?xml version="1.0" encoding="UTF-8"?>
<testsuite name="com.enocaDemo.enoca.EnocaApplicationTests" tests="1" skipped="0" failures="0" errors="0" timestamp="2023-01-19T19:48:32" hostname="DESKTOP-KGQKLOD" time="0.16">
  <properties/>
  <testcase name="contextLoads()" classname="com.enocaDemo.enoca.EnocaApplicationTests" time="0.16"/>
  <system-out><![CDATA[22:48:28.913 [Test worker] DEBUG org.springframework.boot.test.context.SpringBootTestContextBootstrapper - Neither @ContextConfiguration nor @ContextHierarchy found for test class [EnocaApplicationTests]: using SpringBootContextLoader
22:48:28.917 [Test worker] DEBUG org.springframework.test.context.support.AbstractContextLoader - Could not detect default resource locations for test class [com.enocaDemo.enoca.EnocaApplicationTests]: no resource found for suffixes {-context.xml, Context.groovy}.
22:48:28.918 [Test worker] INFO org.springframework.test.context.support.AnnotationConfigContextLoaderUtils - Could not detect default configuration classes for test class [com.enocaDemo.enoca.EnocaApplicationTests]: EnocaApplicationTests does not declare any static, non-private, non-final, nested classes annotated with @Configuration.
22:48:28.943 [Test worker] DEBUG org.springframework.boot.test.context.SpringBootTestContextBootstrapper - Using ContextCustomizers for test class [EnocaApplicationTests]: [DisableObservabilityContextCustomizer, PropertyMappingContextCustomizer, Customizer, ExcludeFilterContextCustomizer, DuplicateJsonObjectContextCustomizer, MockitoContextCustomizer, TestRestTemplateContextCustomizer]
22:48:28.997 [Test worker] DEBUG org.springframework.context.annotation.ClassPathScanningCandidateComponentProvider - Identified candidate component class: file [C:\Users\ayahm\enoca3\enoca\build\classes\java\main\com\enocaDemo\enoca\EnocaApplication.class]
22:48:28.998 [Test worker] INFO org.springframework.boot.test.context.SpringBootTestContextBootstrapper - Found @SpringBootConfiguration com.enocaDemo.enoca.EnocaApplication for test class com.enocaDemo.enoca.EnocaApplicationTests
22:48:29.084 [Test worker] DEBUG org.springframework.boot.test.context.SpringBootTestContextBootstrapper - Using TestExecutionListeners for test class [EnocaApplicationTests]: [ServletTestExecutionListener, DirtiesContextBeforeModesTestExecutionListener, ApplicationEventsTestExecutionListener, MockitoTestExecutionListener, DependencyInjectionTestExecutionListener, DirtiesContextTestExecutionListener, TransactionalTestExecutionListener, SqlScriptsTestExecutionListener, EventPublishingTestExecutionListener, RestDocsTestExecutionListener, MockRestServiceServerResetTestExecutionListener, MockMvcPrintOnlyOnFailureTestExecutionListener, WebDriverTestExecutionListener, MockWebServiceServerTestExecutionListener, ResetMocksTestExecutionListener]
22:48:29.085 [Test worker] DEBUG org.springframework.test.context.support.AbstractDirtiesContextTestExecutionListener - Before test class: class [EnocaApplicationTests], class annotated with @DirtiesContext [false] with mode [null]

  .   ____          _            __ _ _
 /\\ / ___'_ __ _ _(_)_ __  __ _ \ \ \ \
( ( )\___ | '_ | '_| | '_ \/ _` | \ \ \ \
 \\/  ___)| |_)| | | | | || (_| |  ) ) ) )
  '  |____| .__|_| |_|_| |_\__, | / / / /
 =========|_|==============|___/=/_/_/_/
 :: Spring Boot ::                (v3.0.1)

2023-01-19T22:48:29.292+03:00  INFO 20156 --- [    Test worker] c.enocaDemo.enoca.EnocaApplicationTests  : Starting EnocaApplicationTests using Java 18.0.1.1 with PID 20156 (started by ayahm in C:\Users\ayahm\enoca3\enoca)
2023-01-19T22:48:29.294+03:00  INFO 20156 --- [    Test worker] c.enocaDemo.enoca.EnocaApplicationTests  : No active profile set, falling back to 1 default profile: "default"
2023-01-19T22:48:29.885+03:00  INFO 20156 --- [    Test worker] .s.d.r.c.RepositoryConfigurationDelegate : Bootstrapping Spring Data JPA repositories in DEFAULT mode.
2023-01-19T22:48:29.964+03:00  INFO 20156 --- [    Test worker] .s.d.r.c.RepositoryConfigurationDelegate : Finished Spring Data repository scanning in 68 ms. Found 2 JPA repository interfaces.
2023-01-19T22:48:30.371+03:00  INFO 20156 --- [    Test worker] com.zaxxer.hikari.HikariDataSource       : HikariPool-1 - Starting...
2023-01-19T22:48:30.554+03:00  INFO 20156 --- [    Test worker] com.zaxxer.hikari.pool.HikariPool        : HikariPool-1 - Added connection conn0: url=jdbc:h2:mem:12e55995-3b58-412c-858e-4204facfa7fe user=SA
2023-01-19T22:48:30.557+03:00  INFO 20156 --- [    Test worker] com.zaxxer.hikari.HikariDataSource       : HikariPool-1 - Start completed.
2023-01-19T22:48:30.611+03:00  INFO 20156 --- [    Test worker] o.hibernate.jpa.internal.util.LogHelper  : HHH000204: Processing PersistenceUnitInfo [name: default]
2023-01-19T22:48:30.684+03:00  INFO 20156 --- [    Test worker] org.hibernate.Version                    : HHH000412: Hibernate ORM core version 6.1.6.Final
2023-01-19T22:48:30.838+03:00  WARN 20156 --- [    Test worker] org.hibernate.orm.deprecation            : HHH90000021: Encountered deprecated setting [javax.persistence.sharedCache.mode], use [jakarta.persistence.sharedCache.mode] instead
2023-01-19T22:48:31.019+03:00  INFO 20156 --- [    Test worker] SQL dialect                              : HHH000400: Using dialect: org.hibernate.dialect.H2Dialect
2023-01-19T22:48:31.761+03:00  INFO 20156 --- [    Test worker] o.h.e.t.j.p.i.JtaPlatformInitiator       : HHH000490: Using JtaPlatform implementation: [org.hibernate.engine.transaction.jta.platform.internal.NoJtaPlatform]
2023-01-19T22:48:31.770+03:00  INFO 20156 --- [    Test worker] j.LocalContainerEntityManagerFactoryBean : Initialized JPA EntityManagerFactory for persistence unit 'default'
2023-01-19T22:48:32.167+03:00  WARN 20156 --- [    Test worker] JpaBaseConfiguration$JpaWebConfiguration : spring.jpa.open-in-view is enabled by default. Therefore, database queries may be performed during view rendering. Explicitly configure spring.jpa.open-in-view to disable this warning
2023-01-19T22:48:32.531+03:00  INFO 20156 --- [    Test worker] c.enocaDemo.enoca.EnocaApplicationTests  : Started EnocaApplicationTests in 3.394 seconds (process running for 4.36)
]]></system-out>
  <system-err><![CDATA[]]></system-err>
</testsuite>
